2025-04-03 09:50:37,923 - INFO - Waiting for GStreamer pipeline to initialize...
2025-04-03 09:50:42,930 - INFO - Processing image: /home/user/dproj/ip/image6.jpg
2025-04-03 09:50:43,932 - INFO - Processing image: /home/user/dproj/ip/image6.jpg
2025-04-03 09:50:45,327 - INFO - Saved cropped image: /home/user/dproj/op/cropped.jpg
2025-04-03 09:50:45,340 - ERROR - Error processing image /home/user/dproj/ip/image6.jpg: No module named 'paddle'
2025-04-03 09:50:47,345 - INFO - Processing image: /home/user/dproj/ip/image8.jpg
2025-04-03 09:50:48,348 - INFO - Processing image: /home/user/dproj/ip/image8.jpg
2025-04-03 09:50:49,412 - INFO - Saved cropped image: /home/user/dproj/op/cropped.jpg
2025-04-03 09:50:49,416 - ERROR - Error processing image /home/user/dproj/ip/image8.jpg: No module named 'paddle'
2025-04-03 09:50:51,420 - INFO - Processing image: /home/user/dproj/ip/image9.jpg
2025-04-03 09:50:52,424 - INFO - Processing image: /home/user/dproj/ip/image9.jpg
2025-04-03 09:50:53,671 - WARNING - No valid container ID detected.
2025-04-03 09:54:29,292 - INFO - Waiting for GStreamer pipeline to initialize...
2025-04-03 09:54:34,307 - INFO - Processing image: /home/user/dproj/ip/image6.jpg
2025-04-03 09:54:35,310 - INFO - Processing image: /home/user/dproj/ip/image6.jpg
2025-04-03 09:54:36,405 - INFO - Saved cropped image: /home/user/dproj/op/cropped.jpg
2025-04-03 09:54:36,654 - ERROR - Error processing image /home/user/dproj/ip/image6.jpg: name 'libpaddle' is not defined
2025-04-03 09:54:38,661 - INFO - Processing image: /home/user/dproj/ip/image8.jpg
2025-04-03 09:54:39,666 - INFO - Processing image: /home/user/dproj/ip/image8.jpg
2025-04-03 09:54:40,744 - INFO - Saved cropped image: /home/user/dproj/op/cropped.jpg
2025-04-03 09:54:40,817 - ERROR - Error processing image /home/user/dproj/ip/image8.jpg: name 'libpaddle' is not defined
2025-04-03 09:54:42,824 - INFO - Processing image: /home/user/dproj/ip/image9.jpg
2025-04-03 09:54:43,826 - INFO - Processing image: /home/user/dproj/ip/image9.jpg
2025-04-03 09:54:44,897 - WARNING - No valid container ID detected.
2025-04-03 09:55:05,000 - INFO - Waiting for GStreamer pipeline to initialize...
2025-04-03 09:55:10,003 - INFO - Processing image: /home/user/dproj/ip/image6.jpg
2025-04-03 09:55:11,005 - INFO - Processing image: /home/user/dproj/ip/image6.jpg
2025-04-03 09:55:12,203 - INFO - Saved cropped image: /home/user/dproj/op/cropped.jpg
2025-04-03 09:55:12,210 - ERROR - Error processing image /home/user/dproj/ip/image6.jpg: No module named 'paddle'
2025-04-03 09:55:14,213 - INFO - Processing image: /home/user/dproj/ip/image8.jpg
2025-04-03 09:55:15,215 - INFO - Processing image: /home/user/dproj/ip/image8.jpg
2025-04-03 09:55:16,666 - INFO - Saved cropped image: /home/user/dproj/op/cropped.jpg
2025-04-03 09:55:16,670 - ERROR - Error processing image /home/user/dproj/ip/image8.jpg: No module named 'paddle'
2025-04-03 09:55:18,674 - INFO - Processing image: /home/user/dproj/ip/image9.jpg
